#
# There is insufficient memory for the Java Runtime Environment to continue.
# Native memory allocation (malloc) failed to allocate 1048576 bytes for AllocateHeap
# Possible reasons:
#   The system is out of physical RAM or swap space
#   In 32 bit mode, the process size limit was hit
# Possible solutions:
#   Reduce memory load on the system
#   Increase physical memory or swap space
#   Check if swap backing store is full
#   Use 64 bit Java on a 64 bit OS
#   Decrease Java heap size (-Xmx/-Xms)
#   Decrease number of Java threads
#   Decrease Java thread stack sizes (-Xss)
#   Set larger code cache with -XX:ReservedCodeCacheSize=
# This output file may be truncated or incomplete.
#
#  Out of Memory Error (memory/allocation.inline.hpp:61), pid=28840, tid=0x0000000000000ec0
#
# JRE version:  (8.0_181-b13) (build )
# Java VM: Java HotSpot(TM) 64-Bit Server VM (25.181-b13 mixed mode windows-amd64 compressed oops)
# Failed to write core dump. Minidumps are not enabled by default on client versions of Windows
#

---------------  T H R E A D  ---------------

Current thread (0x0000000003799000):  JavaThread "Unknown thread" [_thread_in_vm, id=3776, stack(0x0000000003660000,0x0000000003760000)]

Stack: [0x0000000003660000,0x0000000003760000]
[error occurred during error reporting (printing stack bounds), id 0xc0000005]

Native frames: (J=compiled Java code, j=interpreted, Vv=VM code, C=native code)


---------------  P R O C E S S  ---------------

Java Threads: ( => current thread )

Other Threads:

=>0x0000000003799000 (exited) JavaThread "Unknown thread" [_thread_in_vm, id=3776, stack(0x0000000003660000,0x0000000003760000)]

VM state:not at safepoint (normal execution)

VM Mutex/Monitor currently owned by a thread: None

Heap:
 PSYoungGen      total 75776K, used 1300K [0x000000076b700000, 0x0000000770b80000, 0x00000007c0000000)
  eden space 65024K, 2% used [0x000000076b700000,0x000000076b8451f8,0x000000076f680000)
  from space 10752K, 0% used [0x0000000770100000,0x0000000770100000,0x0000000770b80000)
  to   space 10752K, 0% used [0x000000076f680000,0x000000076f680000,0x0000000770100000)
 ParOldGen       total 173568K, used 0K [0x00000006c2400000, 0x00000006ccd80000, 0x000000076b700000)
  object space 173568K, 0% used [0x00000006c2400000,0x00000006c2400000,0x00000006ccd80000)
 Metaspace       used 775K, capacity 4480K, committed 4480K, reserved 1056768K
  class space    used 76K, capacity 384K, committed 384K, reserved 1048576K

Card table byte_map: [0x0000000012df0000,0x00000000135e0000] byte_map_base: 0x000000000f7de000

Marking Bits: (ParMarkBitMap*) 0x0000000077f72d00
 Begin Bits: [0x0000000014530000, 0x00000000184a0000)
 End Bits:   [0x00000000184a0000, 0x000000001c410000)

Polling page: 0x0000000001910000

CodeCache: size=245760Kb used=328Kb max_used=328Kb free=245431Kb
 bounds [0x0000000003a30000, 0x0000000003ca0000, 0x0000000012a30000]
 total_blobs=58 nmethods=0 adapters=38
 compilation: enabled

Compilation events (0 events):
No events

GC Heap History (0 events):
No events

Deoptimization events (0 events):
No events

Classes redefined (0 events):
No events

Internal exceptions (0 events):
No events

Events (10 events):
Event: 0.035 loading class java/lang/Short
Event: 0.035 loading class java/lang/Short done
Event: 0.035 loading class java/lang/Integer
Event: 0.035 loading class java/lang/Integer done
Event: 0.035 loading class java/lang/Long
Event: 0.035 loading class java/lang/Long done
Event: 0.036 loading class java/lang/NullPointerException
Event: 0.036 loading class java/lang/NullPointerException done
Event: 0.036 loading class java/lang/ArithmeticException
Event: 0.036 loading class java/lang/ArithmeticException done


Dynamic libraries:
0x00007ff7a5590000 - 0x00007ff7a55c7000 	D:\Program Files\Java\jdk1.8.0_181\bin\java.exe
0x00007ff848c10000 - 0x00007ff848e27000 	C:\WINDOWS\SYSTEM32\ntdll.dll
0x00007ff847650000 - 0x00007ff847714000 	C:\WINDOWS\System32\KERNEL32.DLL
0x00007ff8462f0000 - 0x00007ff846695000 	C:\WINDOWS\System32\KERNELBASE.dll
0x00007ff848a70000 - 0x00007ff848b20000 	C:\WINDOWS\System32\ADVAPI32.dll
0x00007ff847270000 - 0x00007ff847317000 	C:\WINDOWS\System32\msvcrt.dll
0x00007ff8479e0000 - 0x00007ff847a86000 	C:\WINDOWS\System32\sechost.dll
0x00007ff848950000 - 0x00007ff848a67000 	C:\WINDOWS\System32\RPCRT4.dll
0x00007ff847f20000 - 0x00007ff8480ce000 	C:\WINDOWS\System32\USER32.dll
0x00007ff846150000 - 0x00007ff846176000 	C:\WINDOWS\System32\win32u.dll
0x00007ff848ba0000 - 0x00007ff848bc9000 	C:\WINDOWS\System32\GDI32.dll
0x00007ff846030000 - 0x00007ff846148000 	C:\WINDOWS\System32\gdi32full.dll
0x00007ff845f90000 - 0x00007ff84602a000 	C:\WINDOWS\System32\msvcp_win.dll
0x00007ff8466a0000 - 0x00007ff8467b1000 	C:\WINDOWS\System32\ucrtbase.dll
0x00007ff82dea0000 - 0x00007ff82e133000 	C:\WINDOWS\WinSxS\amd64_microsoft.windows.common-controls_6595b64144ccf1df_6.0.23560.1000_none_ec3c026cfd536859\COMCTL32.dll
0x00007ff847120000 - 0x00007ff847151000 	C:\WINDOWS\System32\IMM32.DLL
0x0000000050a00000 - 0x0000000050ad2000 	D:\Program Files\Java\jdk1.8.0_181\jre\bin\msvcr100.dll
0x0000000077750000 - 0x0000000077ff2000 	D:\Program Files\Java\jdk1.8.0_181\jre\bin\server\jvm.dll
0x00007ff8480e0000 - 0x00007ff8480e8000 	C:\WINDOWS\System32\PSAPI.DLL
0x00007ff83c2c0000 - 0x00007ff83c2ca000 	C:\WINDOWS\SYSTEM32\VERSION.dll
0x00007ff83f830000 - 0x00007ff83f864000 	C:\WINDOWS\SYSTEM32\WINMM.dll
0x00007ff83ddd0000 - 0x00007ff83ddd9000 	C:\WINDOWS\SYSTEM32\WSOCK32.dll
0x00007ff8469e0000 - 0x00007ff846a51000 	C:\WINDOWS\System32\WS2_32.dll
0x00000000509f0000 - 0x00000000509ff000 	D:\Program Files\Java\jdk1.8.0_181\jre\bin\verify.dll
0x00000000509c0000 - 0x00000000509e9000 	D:\Program Files\Java\jdk1.8.0_181\jre\bin\java.dll
0x00000000508d0000 - 0x00000000508f3000 	D:\Program Files\Java\jdk1.8.0_181\jre\bin\instrument.dll
0x00000000509a0000 - 0x00000000509b6000 	D:\Program Files\Java\jdk1.8.0_181\jre\bin\zip.dll

VM Arguments:
jvm_args: -ea -Didea.test.cyclic.buffer.size=1048576 -javaagent:D:\IDEA2022\IntelliJ IDEA 2022.3.1\lib\idea_rt.jar=61984:D:\IDEA2022\IntelliJ IDEA 2022.3.1\bin -Dfile.encoding=UTF-8 
java_command: com.intellij.rt.junit.JUnitStarter -ideVersion5 -junit5 com.xuecheng.content.CourseBaseInfoServiceTests
java_class_path (initial): C:\Users\xuqizheng\.m2\repository\org\junit\platform\junit-platform-launcher\1.6.3\junit-platform-launcher-1.6.3.jar;C:\Users\xuqizheng\.m2\repository\org\apiguardian\apiguardian-api\1.1.0\apiguardian-api-1.1.0.jar;C:\Users\xuqizheng\.m2\repository\org\junit\platform\junit-platform-engine\1.6.3\junit-platform-engine-1.6.3.jar;C:\Users\xuqizheng\.m2\repository\org\opentest4j\opentest4j\1.2.0\opentest4j-1.2.0.jar;C:\Users\xuqizheng\.m2\repository\org\junit\platform\junit-platform-commons\1.6.3\junit-platform-commons-1.6.3.jar;D:\IDEA2022\IntelliJ IDEA 2022.3.1\lib\idea_rt.jar;D:\IDEA2022\IntelliJ IDEA 2022.3.1\plugins\junit\lib\junit5-rt.jar;D:\IDEA2022\IntelliJ IDEA 2022.3.1\plugins\junit\lib\junit-rt.jar;D:\Program Files\Java\jdk1.8.0_181\jre\lib\charsets.jar;D:\Program Files\Java\jdk1.8.0_181\jre\lib\deploy.jar;D:\Program Files\Java\jdk1.8.0_181\jre\lib\ext\access-bridge-64.jar;D:\Program Files\Java\jdk1.8.0_181\jre\lib\ext\cldrdata.jar;D:\Program Files\Java\jdk1.8.0_181\jre\lib\ext\dnsns.jar;D:\Program Files\Java\jdk1.8.0_181\jre\lib\ext\jaccess.jar;D:\Program Files\Java\jdk1.8.0_181\jre\lib\ext\jfxrt.jar;D:\Program Files\Java\jdk1.8.0_181\jre\lib\ext\localedata.jar;D:\Program Files\Java\jdk1.8.0_181\jre\lib\ext\nashorn.jar;D:\Program Files\Java\jdk1.8.0_181\jre\lib\ext\sunec.jar;D:\Program Files\Java\jdk1.8.0_181\jre\lib\ext\sunjce_provider.jar;D:\Program Files\Java\jdk1.8.0_181\jre\lib\ext\sunmscapi.jar;D:\Program Files\Java\jdk1.8.0_181\jre\lib\ext\sunpkcs11.jar;D:\Program Files\Java\jdk1.8.0_181\jre\lib\ext\zipfs.jar;D:\Program Files\Java\jdk1.8.0_181\jre\lib\javaws.jar;D:\Program Files\Java\jdk1.8.0_181\jre\lib\jce.jar;D:\Program Files\Java\jdk1.8.0_181\jre\lib\jfr.jar;D:\Program Files\Java\jdk1.8.0_181\jre\lib\jfxswt.jar;D:\Program Files\Java\jdk1.8.0_181\jre\lib\jsse.jar;D:\Program Files\Java\jdk1.8.0_181\jre\lib\management-agent.jar;D:\Program Files\Java\jdk1.8.0_181\jre\lib\plugin.jar;D:\Program Files\Java\jdk1.8.0_181\jre\lib
Launcher Type: SUN_STANDARD

Environment Variables:
JAVA_HOME=D:\Program Files\Java\jdk-11.0.15.1
PATH=D:\Program Files (x86)\VMware\VMware Workstation\bin\;D:\Program Files\Java\jdk-11.0.15.1\bin;C:\Program Files\Common Files\Oracle\Java\javapath;C:\Program Files (x86)\Common Files\Oracle\Java\javapath;C:\Windows\system32;C:\Windows;C:\Windows\System32\Wbem;C:\Windows\System32\WindowsPowerShell\v1.0\;C:\Windows\System32\OpenSSH\;C:\Program Files (x86)\NVIDIA Corporation\PhysX\Common;C:\Program Files\NVIDIA Corporation\NVIDIA NvDLISR;C:\Program Files (x86)\Intel\Intel(R) Management Engine Components\DAL;C:\Program Files\Intel\Intel(R) Management Engine Components\DAL;C:\Program Files\Intel\WiFi\bin\;C:\Program Files\Common Files\Intel\WirelessCommon\;C:\WINDOWS\system32;C:\WINDOWS;C:\WINDOWS\System32\Wbem;C:\WINDOWS\System32\WindowsPowerShell\v1.0\;C:\WINDOWS\System32\OpenSSH\;C:\Program Files\mingw64\bin;D:\Program Files (x86)\EasyShare\x86\;D:\Program Files (x86)\EasyShare\x64\;C:\Program Files (x86)\Microsoft SQL Server\160\Tools\Binn\;C:\Program Files\Microsoft SQL Server\160\Tools\Binn\;C:\Program Files\Microsoft SQL Server\Client SDK\ODBC\170\Tools\Binn\;C:\Program Files\Microsoft SQL Server\160\DTS\Binn\;C:\Program Files (x86)\Microsoft SQL Server\160\DTS\Binn\;C:\Program Files\Azure Data Studio\bin;D:\Nodejs\;D:\develop\apache-maven-3.6.1\bin;C:\Program Files\python;C:\Program Files\python\Scripts;D:\BtSoft\panel\script;D:\MySQL\MySQL Server 8.0\MYSQL\bin;D:\Git\cmd;C:\Users\xuqizheng\AppData\Local\Microsoft\WindowsApps;D:\Microsoft VS Code\Microsoft VS Code\bin;C:\Program Files\Azure Data Studio\bin;C:\Users\xuqizheng\AppData\Roaming\npm;
USERNAME=xuqizheng
OS=Windows_NT
PROCESSOR_IDENTIFIER=Intel64 Family 6 Model 158 Stepping 10, GenuineIntel



---------------  S Y S T E M  ---------------

OS: Windows 10.0 , 64 bit Build 23560 (10.0.23560.1000)

CPU:total 12 (initial active 12) (6 cores per cpu, 2 threads per core) family 6 model 158 stepping 10, cmov, cx8, fxsr, mmx, sse, sse2, sse3, ssse3, sse4.1, sse4.2, popcnt, avx, avx2, aes, clmul, erms, 3dnowpref, lzcnt, ht, tsc, tscinvbit, bmi1, bmi2, adx

Memory: 4k page, physical 16624484k(680584k free), swap 37139160k(2768k free)

vm_info: Java HotSpot(TM) 64-Bit Server VM (25.181-b13) for windows-amd64 JRE (1.8.0_181-b13), built on Jul  7 2018 04:01:33 by "java_re" with MS VC++ 10.0 (VS2010)

time: Thu Oct 12 17:18:54 2023
elapsed time: 0 seconds (0d 0h 0m 0s)

